[debug] [2021-09-25T16:35:19.471Z] ----------------------------------------------------------------------
[debug] [2021-09-25T16:35:19.473Z] Command:       C:\Program Files\nodejs\node.exe C:\Users\Alberto\AppData\Roaming\npm\node_modules\firebase-tools\lib\bin\firebase.js init
[debug] [2021-09-25T16:35:19.473Z] CLI Version:   9.18.0
[debug] [2021-09-25T16:35:19.473Z] Platform:      win32
[debug] [2021-09-25T16:35:19.473Z] Node Version:  v14.17.0
[debug] [2021-09-25T16:35:19.474Z] Time:          Sat Sep 25 2021 10:35:19 GMT-0600 (hora estándar central)
[debug] [2021-09-25T16:35:19.474Z] ----------------------------------------------------------------------
[debug] 
[debug] [2021-09-25T16:35:19.485Z] > command requires scopes: ["email","openid","https://www.googleapis.com/auth/cloudplatformprojects.readonly","https://www.googleapis.com/auth/firebase","https://www.googleapis.com/auth/cloud-platform"]
[debug] [2021-09-25T16:35:19.485Z] > authorizing via signed-in user (alberto.soriano864@gmail.com)
[info] 
     ######## #### ########  ######## ########     ###     ######  ########
     ##        ##  ##     ## ##       ##     ##  ##   ##  ##       ##
     ######    ##  ########  ######   ########  #########  ######  ######
     ##        ##  ##    ##  ##       ##     ## ##     ##       ## ##
     ##       #### ##     ## ######## ########  ##     ##  ######  ########

You're about to initialize a Firebase project in this directory:

  C:\xampp\htdocs\plantillas\Ovent-product

Before we get started, keep in mind:

  * You are currently outside your home directory

[info] 
=== Project Setup
[info] 
[info] First, let's associate this project directory with a Firebase project.
[info] You can create multiple project aliases by running firebase use --add, 
[info] but for now we'll just set up a default project.
[info] 
[debug] [2021-09-25T16:35:38.605Z] > refreshing access token with scopes: []
[debug] [2021-09-25T16:35:38.605Z] >>> HTTP REQUEST POST https://www.googleapis.com/oauth2/v3/token  
 <request body omitted>
[debug] [2021-09-25T16:35:38.803Z] <<< HTTP RESPONSE 200 {"cache-control":"no-cache, no-store, max-age=0, must-revalidate","date":"Sat, 25 Sep 2021 16:35:37 GMT","pragma":"no-cache","expires":"Mon, 01 Jan 1990 00:00:00 GMT","content-type":"application/json; charset=utf-8","vary":"X-Origin, Referer, Origin,Accept-Encoding","server":"scaffolding on HTTPServer2","x-xss-protection":"0","x-frame-options":"SAMEORIGIN","x-content-type-options":"nosniff","alt-svc":"h3=\":443\"; ma=2592000,h3-29=\":443\"; ma=2592000,h3-T051=\":443\"; ma=2592000,h3-Q050=\":443\"; ma=2592000,h3-Q046=\":443\"; ma=2592000,h3-Q043=\":443\"; ma=2592000,quic=\":443\"; ma=2592000; v=\"46,43\"","accept-ranges":"none","transfer-encoding":"chunked"}
[debug] [2021-09-25T16:35:38.823Z] >>> [apiv2][query] GET https://firebase.googleapis.com/v1beta1/projects pageSize=100
[debug] [2021-09-25T16:35:39.315Z] <<< [apiv2][status] GET https://firebase.googleapis.com/v1beta1/projects 200
[debug] [2021-09-25T16:35:39.315Z] <<< [apiv2][body] GET https://firebase.googleapis.com/v1beta1/projects [omitted]
[info] i  Using project feriauth (FeriaUTH) 
[info] 
=== Hosting Setup
[info] 
[info] Your public directory is the folder (relative to your project directory) that
[info] will contain Hosting assets to be uploaded with firebase deploy. If you
[info] have a build process for your assets, use your build's output directory.
[info] 
[debug] [2021-09-25T16:35:51.451Z] >>> [apiv2][query] GET https://www.gstatic.com/firebasejs/releases.json [none]
[debug] [2021-09-25T16:35:51.684Z] <<< [apiv2][status] GET https://www.gstatic.com/firebasejs/releases.json 200
[debug] [2021-09-25T16:35:51.684Z] <<< [apiv2][body] GET https://www.gstatic.com/firebasejs/releases.json {"current":{"version":"9.1.0","browserURL":"https://www.gstatic.com/firebasejs/9.1.0/firebase.js","packageURL":"https://www.gstatic.com/firebasejs/9.1.0/firebase.tgz"},"live":{"version":"9.1","browserURL":"https://www.gstatic.com/firebasejs/live/9.1/firebase.js","packageURL":"https://www.gstatic.com/firebasejs/live/9.1/firebase.tgz"},"components":{"analytics":"https://www.gstatic.com/firebasejs/9.1.0/firebase-analytics.js","app":"https://www.gstatic.com/firebasejs/9.1.0/firebase-app.js","app-check":"https://www.gstatic.com/firebasejs/9.1.0/firebase-app-check.js","auth":"https://www.gstatic.com/firebasejs/9.1.0/firebase-auth.js","auth/cordova":"https://www.gstatic.com/firebasejs/9.1.0/firebase-auth/cordova.js","auth/react-native":"https://www.gstatic.com/firebasejs/9.1.0/firebase-auth/react-native.js","functions":"https://www.gstatic.com/firebasejs/9.1.0/firebase-functions.js","firestore":"https://www.gstatic.com/firebasejs/9.1.0/firebase-firestore.js","firestore/lite":"https://www.gstatic.com/firebasejs/9.1.0/firebase-firestore/lite.js","storage":"https://www.gstatic.com/firebasejs/9.1.0/firebase-storage.js","performance":"https://www.gstatic.com/firebasejs/9.1.0/firebase-performance.js","remote-config":"https://www.gstatic.com/firebasejs/9.1.0/firebase-remote-config.js","messaging":"https://www.gstatic.com/firebasejs/9.1.0/firebase-messaging.js","messaging/sw":"https://www.gstatic.com/firebasejs/9.1.0/firebase-messaging/sw.js","database":"https://www.gstatic.com/firebasejs/9.1.0/firebase-database.js","firestore.memory":"https://www.gstatic.com/firebasejs/9.1.0/firebase-firestore.memory.js"}}
[info] +  Wrote public/index.html 
[info] 
[info] i  Didn't detect a .git folder. Assuming C:\xampp\htdocs\plantillas\Ovent-product is the project root. 
[info] i  Authorizing with GitHub to upload your service account to a GitHub repository's secrets store. 
[info] 
[info] Visit this URL on this device to log in:
[info] https://github.com/login/oauth/authorize?client_id=89cf50f02ac6aaed3484&state=384492945&redirect_uri=http%3A%2F%2Flocalhost%3A9005&scope=read%3Auser%20repo%20public_repo
[info] 
[info] Waiting for authentication...
[debug] [2021-09-25T16:36:15.852Z] >>> HTTP REQUEST POST https://github.com/login/oauth/access_token  
 {"client_id":"89cf50f02ac6aaed3484","client_secret":"3330d14abc895d9a74d5f17cd7a00711fa2c5bf0","code":"f7d2b67d7e6e727b31c9","redirect_uri":"http://localhost:9005","state":"384492945"}
[debug] [2021-09-25T16:36:16.114Z] <<< HTTP RESPONSE 200 {"server":"GitHub.com","date":"Sat, 25 Sep 2021 16:36:14 GMT","content-type":"application/json; charset=utf-8","transfer-encoding":"chunked","vary":"X-PJAX, X-PJAX-Container, Accept-Encoding, Accept, X-Requested-With","permissions-policy":"interest-cohort=()","etag":"W/\"3260259cc5c6bce82d8263e23b5ed8d3\"","cache-control":"max-age=0, private, must-revalidate","strict-transport-security":"max-age=31536000; includeSubdomains; preload","x-frame-options":"deny","x-content-type-options":"nosniff","x-xss-protection":"0","referrer-policy":"origin-when-cross-origin, strict-origin-when-cross-origin","expect-ct":"max-age=2592000, report-uri=\"https://api.github.com/_private/browser/errors\"","content-security-policy":"default-src 'none'; base-uri 'self'; block-all-mixed-content; child-src github.githubassets.com; connect-src 'self' uploads.github.com www.githubstatus.com collector.githubapp.com api.github.com github-cloud.s3.amazonaws.com github-production-repository-file-5c1aeb.s3.amazonaws.com github-production-upload-manifest-file-7fdce7.s3.amazonaws.com github-production-user-asset-6210df.s3.amazonaws.com cdn.optimizely.com logx.optimizely.com/v1/events translator.github.com wss://alive.github.com; font-src github.githubassets.com; form-action 'self' github.com gist.github.com; frame-ancestors 'none'; frame-src render.githubusercontent.com viewscreen.githubusercontent.com; img-src 'self' data: github.githubassets.com identicons.github.com collector.githubapp.com github-cloud.s3.amazonaws.com secured-user-images.githubusercontent.com/ *.githubusercontent.com; manifest-src 'self'; media-src github.com user-images.githubusercontent.com/; script-src github.githubassets.com; style-src 'unsafe-inline' github.githubassets.com; worker-src github.githubassets.com github.com/socket-worker-0af8a29d.js gist.github.com/socket-worker-0af8a29d.js","x-github-request-id":"D749:3B41:17C692A:2585924:614F4FFE"}
[debug] [2021-09-25T16:36:16.123Z] >>> [apiv2][query] GET https://api.github.com/user [none]
[debug] [2021-09-25T16:36:16.474Z] <<< [apiv2][status] GET https://api.github.com/user 200
[debug] [2021-09-25T16:36:16.475Z] <<< [apiv2][body] GET https://api.github.com/user {"login":"alberto006","id":17203890,"node_id":"MDQ6VXNlcjE3MjAzODkw","avatar_url":"https://avatars.githubusercontent.com/u/17203890?v=4","gravatar_id":"","url":"https://api.github.com/users/alberto006","html_url":"https://github.com/alberto006","followers_url":"https://api.github.com/users/alberto006/followers","following_url":"https://api.github.com/users/alberto006/following{/other_user}","gists_url":"https://api.github.com/users/alberto006/gists{/gist_id}","starred_url":"https://api.github.com/users/alberto006/starred{/owner}{/repo}","subscriptions_url":"https://api.github.com/users/alberto006/subscriptions","organizations_url":"https://api.github.com/users/alberto006/orgs","repos_url":"https://api.github.com/users/alberto006/repos","events_url":"https://api.github.com/users/alberto006/events{/privacy}","received_events_url":"https://api.github.com/users/alberto006/received_events","type":"User","site_admin":false,"name":"Alberto Soriano","company":null,"blog":"","location":null,"email":"alberto.soriano864@gmail.com","hireable":null,"bio":null,"twitter_username":null,"public_repos":13,"public_gists":0,"followers":0,"following":0,"created_at":"2016-02-12T18:11:47Z","updated_at":"2021-09-23T17:35:24Z","private_gists":0,"total_private_repos":3,"owned_private_repos":3,"disk_usage":269746,"collaborators":0,"two_factor_authentication":false,"plan":{"name":"free","space":976562499,"collaborators":0,"private_repos":10000}}
[info] 
[info] +  Success! Logged into GitHub as alberto006 
[info] 
[debug] [2021-09-25T16:36:21.608Z] >>> [apiv2][query] GET https://api.github.com/repos//actions/secrets/public-key type=owner
[debug] [2021-09-25T16:36:21.834Z] <<< [apiv2][status] GET https://api.github.com/repos//actions/secrets/public-key 404
[debug] [2021-09-25T16:36:21.834Z] <<< [apiv2][body] GET https://api.github.com/repos//actions/secrets/public-key {"message":"Not Found","documentation_url":"https://docs.github.com/rest"}
[debug] [2021-09-25T16:36:25.879Z] >>> [apiv2][query] GET https://api.github.com/repos//actions/secrets/public-key type=owner
[debug] [2021-09-25T16:36:26.123Z] <<< [apiv2][status] GET https://api.github.com/repos//actions/secrets/public-key 404
[debug] [2021-09-25T16:36:26.123Z] <<< [apiv2][body] GET https://api.github.com/repos//actions/secrets/public-key {"message":"Not Found","documentation_url":"https://docs.github.com/rest"}
[debug] [2021-09-25T16:36:26.346Z] >>> [apiv2][query] GET https://api.github.com/repos//actions/secrets/public-key type=owner
[debug] [2021-09-25T16:36:26.566Z] <<< [apiv2][status] GET https://api.github.com/repos//actions/secrets/public-key 404
[debug] [2021-09-25T16:36:26.567Z] <<< [apiv2][body] GET https://api.github.com/repos//actions/secrets/public-key {"message":"Not Found","documentation_url":"https://docs.github.com/rest"}
[debug] [2021-09-25T16:36:37.048Z] >>> [apiv2][query] GET https://api.github.com/repos/alberto006/uthferia2.0/actions/secrets/public-key type=owner
[debug] [2021-09-25T16:36:37.283Z] <<< [apiv2][status] GET https://api.github.com/repos/alberto006/uthferia2.0/actions/secrets/public-key 404
[debug] [2021-09-25T16:36:37.283Z] <<< [apiv2][body] GET https://api.github.com/repos/alberto006/uthferia2.0/actions/secrets/public-key {"message":"Not Found","documentation_url":"https://docs.github.com/rest/reference/actions#get-a-repository-public-key"}
[debug] [2021-09-25T16:36:41.752Z] >>> [apiv2][query] GET https://api.github.com/repos//actions/secrets/public-key type=owner
[debug] [2021-09-25T16:36:42.002Z] <<< [apiv2][status] GET https://api.github.com/repos//actions/secrets/public-key 404
[debug] [2021-09-25T16:36:42.002Z] <<< [apiv2][body] GET https://api.github.com/repos//actions/secrets/public-key {"message":"Not Found","documentation_url":"https://docs.github.com/rest"}
[debug] [2021-09-25T16:36:48.014Z] ----------------------------------------------------------------------
[debug] [2021-09-25T16:36:48.018Z] Command:       C:\Program Files\nodejs\node.exe C:\Users\Alberto\AppData\Roaming\npm\node_modules\firebase-tools\lib\bin\firebase.js init
[debug] [2021-09-25T16:36:48.019Z] CLI Version:   9.18.0
[debug] [2021-09-25T16:36:48.019Z] Platform:      win32
[debug] [2021-09-25T16:36:48.019Z] Node Version:  v14.17.0
[debug] [2021-09-25T16:36:48.022Z] Time:          Sat Sep 25 2021 10:36:48 GMT-0600 (hora estándar central)
[debug] [2021-09-25T16:36:48.022Z] ----------------------------------------------------------------------
[debug] 
[debug] [2021-09-25T16:36:48.029Z] > command requires scopes: ["email","openid","https://www.googleapis.com/auth/cloudplatformprojects.readonly","https://www.googleapis.com/auth/firebase","https://www.googleapis.com/auth/cloud-platform"]
[debug] [2021-09-25T16:36:48.029Z] > authorizing via signed-in user (alberto.soriano864@gmail.com)
[info] 
     ######## #### ########  ######## ########     ###     ######  ########
     ##        ##  ##     ## ##       ##     ##  ##   ##  ##       ##
     ######    ##  ########  ######   ########  #########  ######  ######
     ##        ##  ##    ##  ##       ##     ## ##     ##       ## ##
     ##       #### ##     ## ######## ########  ##     ##  ######  ########

You're about to initialize a Firebase project in this directory:

  C:\xampp\htdocs\plantillas\Ovent-product

Before we get started, keep in mind:

  * You are currently outside your home directory

